 * Serving Flask app 'app'
 * Debug mode: on
[31m[1mWARNING: This is a development server. Do not use it in a production deployment. Use a production WSGI server instead.[0m
 * Running on all addresses (0.0.0.0)
 * Running on http://127.0.0.1:5000
 * Running on http://10.242.180.42:5000
[33mPress CTRL+C to quit[0m
 * Restarting with stat
 * Debugger is active!
 * Debugger PIN: 921-993-191
 * Detected change in '/home/jackson/A-Z_System/A-Z-MATTRESSES-STOCK-SALES-MANAGEMENT-SYSTEM/backend/services/sale_service.py', reloading
 * Restarting with stat
 * Debugger is active!
 * Debugger PIN: 921-993-191
 * Detected change in '/home/jackson/A-Z_System/A-Z-MATTRESSES-STOCK-SALES-MANAGEMENT-SYSTEM/backend/services/deposit_service.py', reloading
 * Restarting with stat
 * Debugger is active!
 * Debugger PIN: 921-993-191
 * Detected change in '/home/jackson/A-Z_System/A-Z-MATTRESSES-STOCK-SALES-MANAGEMENT-SYSTEM/backend/services/stock_service.py', reloading
 * Restarting with stat
 * Debugger is active!
 * Debugger PIN: 921-993-191
 * Detected change in '/home/jackson/A-Z_System/A-Z-MATTRESSES-STOCK-SALES-MANAGEMENT-SYSTEM/backend/controllers/stock_controller.py', reloading
 * Restarting with stat
 * Debugger is active!
 * Debugger PIN: 921-993-191
 * Detected change in '/home/jackson/A-Z_System/A-Z-MATTRESSES-STOCK-SALES-MANAGEMENT-SYSTEM/backend/controllers/stock_controller.py', reloading
 * Restarting with stat
 * Debugger is active!
 * Debugger PIN: 921-993-191
 * Detected change in '/home/jackson/A-Z_System/A-Z-MATTRESSES-STOCK-SALES-MANAGEMENT-SYSTEM/backend/routes/stocks.py', reloading
 * Restarting with stat
 * Debugger is active!
 * Debugger PIN: 921-993-191
 * Detected change in '/home/jackson/A-Z_System/A-Z-MATTRESSES-STOCK-SALES-MANAGEMENT-SYSTEM/backend/services/supplier_service.py', reloading
 * Restarting with stat
 * Debugger is active!
 * Debugger PIN: 921-993-191
 * Detected change in '/home/jackson/A-Z_System/A-Z-MATTRESSES-STOCK-SALES-MANAGEMENT-SYSTEM/backend/controllers/supplier_controller.py', reloading
 * Restarting with stat
 * Debugger is active!
 * Debugger PIN: 921-993-191
 * Detected change in '/home/jackson/A-Z_System/A-Z-MATTRESSES-STOCK-SALES-MANAGEMENT-SYSTEM/backend/controllers/supplier_controller.py', reloading
 * Restarting with stat
 * Debugger is active!
 * Debugger PIN: 921-993-191
10.242.180.42 - - [10/Mar/2026 12:39:12] "GET / HTTP/1.1" 200 -
10.242.180.42 - - [10/Mar/2026 12:39:12] "[33mGET /favicon.ico HTTP/1.1[0m" 404 -
